# JRE version: OpenJDK Runtime Environment (25.0.1+8) (build 25.0.1+8-27)
# Java VM: OpenJDK 64-Bit Server VM (25.0.1+8-27, mixed mode, sharing, tiered, compressed class ptrs, z gc, windows-amd64)
GC Precious Log:
 NUMA Support: Disabled
 CPUs: 16 total, 16 available
 Memory: 15773M
 Large Page Support: Disabled
 Address Space Size: limited (137434243344K)
 Reserved Space: limit 4096G, desired 32G, requested 32G
 Reserved Space Type: Contiguous/Unrestricted/Complete
 Reserved Space Size: 32G
 Min Capacity: 100M
 Initial Capacity: 100M
 Max Capacity: 2048M
 Soft Max Capacity: 2048M
 Page Size Medium: Range [4M, 32M]
 Pre-touch: Disabled
 Uncommit: Enabled
 Uncommit Delay: 30s
 GC Workers for Old Generation: 4 (dynamic)
 GC Workers for Young Generation: 4 (dynamic)
 GC Workers Max: 4 (dynamic)
 Runtime Workers: 10
Heap:
 ZHeap           used 394M, capacity 534M, max capacity 2048M
  Cache          140M (1)
   size classes  128M (1)
GC Heap Usage History (16 events):
Event: 1.919 {heap Before GC invocations=0 (full 0):
 ZHeap           used 120M, capacity 120M, max capacity 2048M
  Cache          0M (0)
}
Event: 1.970 {heap After GC invocations=1 (full 1):
 ZHeap           used 56M, capacity 128M, max capacity 2048M
  Cache          72M (1)
   size classes  64M (1)
}
Event: 1.970 {heap Before GC invocations=1 (full 1):
 ZHeap           used 56M, capacity 128M, max capacity 2048M
  Cache          72M (1)
   size classes  64M (1)
}
Event: 1.981 {heap After GC invocations=1 (full 1):
 ZHeap           used 58M, capacity 128M, max capacity 2048M
  Cache          70M (1)
   size classes  64M (1)
}
Event: 6.645 {heap Before GC invocations=1 (full 1):
 ZHeap           used 166M, capacity 166M, max capacity 2048M
  Cache          0M (0)
}
Event: 6.719 {heap After GC invocations=2 (full 2):
 ZHeap           used 102M, capacity 212M, max capacity 2048M
  Cache          110M (4)
   size classes  2M (1), 4M (1), 16M (1), 64M (1)
}
Event: 6.719 {heap Before GC invocations=2 (full 2):
 ZHeap           used 102M, capacity 212M, max capacity 2048M
  Cache          110M (4)
   size classes  2M (1), 4M (1), 16M (1), 64M (1)
}
Event: 6.730 {heap After GC invocations=2 (full 2):
 ZHeap           used 102M, capacity 212M, max capacity 2048M
  Cache          110M (4)
   size classes  2M (1), 4M (1), 16M (1), 64M (1)
}
Event: 7.939 {heap Before GC invocations=2 (full 2):
 ZHeap           used 206M, capacity 212M, max capacity 2048M
  Cache          6M (1)
   size classes  4M (1)
}
Event: 7.976 {heap After GC invocations=3 (full 3):
 ZHeap           used 198M, capacity 294M, max capacity 2048M
  Cache          96M (8)
   size classes  4M (3), 8M (4), 32M (1)
}
Event: 7.976 {heap Before GC invocations=3 (full 3):
 ZHeap           used 198M, capacity 294M, max capacity 2048M
  Cache          96M (8)
   size classes  4M (3), 8M (4), 32M (1)
}
Event: 7.988 {heap After GC invocations=3 (full 3):
 ZHeap           used 200M, capacity 294M, max capacity 2048M
  Cache          94M (8)
   size classes  2M (1), 4M (2), 8M (4), 32M (1)
}
Event: 8.341 {heap Before GC invocations=3 (full 3):
 ZHeap           used 412M, capacity 412M, max capacity 2048M
  Cache          0M (0)
}
Event: 8.396 {heap After GC invocations=4 (full 4):
 ZHeap           used 232M, capacity 534M, max capacity 2048M
  Cache          302M (12)
   size classes  2M (5), 4M (3), 8M (1), 16M (1), 32M (1), 128M (1)
}
Event: 8.396 {heap Before GC invocations=4 (full 4):
 ZHeap           used 232M, capacity 534M, max capacity 2048M
  Cache          302M (12)
   size classes  2M (5), 4M (3), 8M (1), 16M (1), 32M (1), 128M (1)
}
Event: 8.413 {heap After GC invocations=4 (full 4):
 ZHeap           used 244M, capacity 534M, max capacity 2048M
  Cache          290M (8)
   size classes  2M (2), 4M (2), 8M (1), 16M (1), 32M (1), 128M (1)
}

