# JRE version: OpenJDK Runtime Environment (25.0.1+8) (build 25.0.1+8-27)
# Java VM: OpenJDK 64-Bit Server VM (25.0.1+8-27, mixed mode, sharing, tiered, compressed class ptrs, z gc, windows-amd64)
GC Precious Log:
 NUMA Support: Disabled
 CPUs: 16 total, 16 available
 Memory: 15773M
 Large Page Support: Disabled
 Address Space Size: limited (137434243344K)
 Reserved Space: limit 4096G, desired 32G, requested 32G
 Reserved Space Type: Contiguous/Unrestricted/Complete
 Reserved Space Size: 32G
 Min Capacity: 100M
 Initial Capacity: 100M
 Max Capacity: 2048M
 Soft Max Capacity: 2048M
 Page Size Medium: Range [4M, 32M]
 Pre-touch: Disabled
 Uncommit: Enabled
 Uncommit Delay: 30s
 GC Workers for Old Generation: 4 (dynamic)
 GC Workers for Young Generation: 4 (dynamic)
 GC Workers Max: 4 (dynamic)
 Runtime Workers: 10
 Forced to lower max partition (0) capacity from 2048M(100%) to 592M(29%)
 Forced to lower max Java heap size from 2048M(100%) to 592M(29%)
Heap:
 ZHeap           used 178M, capacity 592M, max capacity 2048M
  Cache          414M (7)
   size classes  2M (1), 4M (1), 8M (1), 16M (1), 32M (1), 128M (2)
GC Heap Usage History (25 events):
Event: 5.011 {heap Before GC invocations=0 (full 0):
 ZHeap           used 66M, capacity 100M, max capacity 2048M
  Cache          34M (1)
   size classes  32M (1)
}
Event: 5.023 {heap After GC invocations=1 (full 1):
 ZHeap           used 44M, capacity 100M, max capacity 2048M
  Cache          56M (4)
   size classes  4M (2), 16M (2)
}
Event: 5.023 {heap Before GC invocations=1 (full 1):
 ZHeap           used 44M, capacity 100M, max capacity 2048M
  Cache          56M (4)
   size classes  4M (2), 16M (2)
}
Event: 5.027 {heap After GC invocations=1 (full 1):
 ZHeap           used 44M, capacity 100M, max capacity 2048M
  Cache          56M (4)
   size classes  4M (2), 16M (2)
}
Event: 10.032 {heap Before GC invocations=1 (full 1):
 ZHeap           used 82M, capacity 100M, max capacity 2048M
  Cache          18M (1)
   size classes  16M (1)
}
Event: 10.042 {heap After GC invocations=2 (full 2):
 ZHeap           used 60M, capacity 148M, max capacity 2048M
  Cache          88M (5)
   size classes  2M (2), 8M (2), 32M (1)
}
Event: 10.042 {heap Before GC invocations=2 (full 2):
 ZHeap           used 60M, capacity 148M, max capacity 2048M
  Cache          88M (5)
   size classes  2M (2), 8M (2), 32M (1)
}
Event: 10.046 {heap After GC invocations=2 (full 2):
 ZHeap           used 60M, capacity 148M, max capacity 2048M
  Cache          88M (5)
   size classes  2M (2), 8M (2), 32M (1)
}
Event: 12.831 {heap Before GC invocations=2 (full 2):
 ZHeap           used 124M, capacity 148M, max capacity 2048M
  Cache          24M (3)
   size classes  2M (1), 8M (2)
}
Event: 12.885 {heap After GC invocations=3 (full 3):
 ZHeap           used 98M, capacity 180M, max capacity 2048M
  Cache          82M (7)
   size classes  2M (4), 4M (1), 32M (2)
}
Event: 12.885 {heap Before GC invocations=3 (full 3):
 ZHeap           used 98M, capacity 180M, max capacity 2048M
  Cache          82M (7)
   size classes  2M (4), 4M (1), 32M (2)
}
Event: 12.895 {heap After GC invocations=3 (full 3):
 ZHeap           used 98M, capacity 180M, max capacity 2048M
  Cache          82M (7)
   size classes  2M (4), 4M (1), 32M (2)
}
Event: 14.236 {heap Before GC invocations=3 (full 3):
 ZHeap           used 186M, capacity 186M, max capacity 2048M
  Cache          0M (0)
}
Event: 14.306 {heap After GC invocations=4 (full 4):
 ZHeap           used 100M, capacity 232M, max capacity 2048M
  Cache          132M (11)
   size classes  2M (5), 8M (3), 16M (2), 32M (1)
}
Event: 14.306 {heap Before GC invocations=4 (full 4):
 ZHeap           used 100M, capacity 232M, max capacity 2048M
  Cache          132M (11)
   size classes  2M (5), 8M (3), 16M (2), 32M (1)
}
Event: 14.316 {heap After GC invocations=4 (full 4):
 ZHeap           used 100M, capacity 232M, max capacity 2048M
  Cache          132M (11)
   size classes  2M (5), 8M (3), 16M (2), 32M (1)
}
Event: 15.806 {heap Before GC invocations=4 (full 4):
 ZHeap           used 206M, capacity 232M, max capacity 2048M
  Cache          26M (2)
   size classes  4M (1), 16M (1)
}
Event: 15.857 {heap After GC invocations=5 (full 5):
 ZHeap           used 196M, capacity 362M, max capacity 2048M
  Cache          166M (12)
   size classes  2M (3), 4M (3), 8M (2), 16M (2), 32M (2)
}
Event: 15.857 {heap Before GC invocations=5 (full 5):
 ZHeap           used 196M, capacity 362M, max capacity 2048M
  Cache          166M (12)
   size classes  2M (3), 4M (3), 8M (2), 16M (2), 32M (2)
}
Event: 15.870 {heap After GC invocations=5 (full 5):
 ZHeap           used 200M, capacity 362M, max capacity 2048M
  Cache          162M (10)
   size classes  2M (1), 4M (3), 8M (2), 16M (2), 32M (2)
}
Event: 16.829 {heap Before GC invocations=5 (full 5):
 ZHeap           used 412M, capacity 412M, max capacity 2048M
  Cache          0M (0)
}
Event: 16.888 {heap After GC invocations=6 (full 6):
 ZHeap           used 222M, capacity 452M, max capacity 2048M
  Cache          230M (15)
   size classes  2M (6), 4M (2), 8M (3), 16M (2), 32M (1), 64M (1)
}
Event: 16.888 {heap Before GC invocations=6 (full 6):
 ZHeap           used 222M, capacity 452M, max capacity 2048M
  Cache          230M (15)
   size classes  2M (6), 4M (2), 8M (3), 16M (2), 32M (1), 64M (1)
}
Event: 16.909 {heap After GC invocations=6 (full 6):
 ZHeap           used 232M, capacity 452M, max capacity 2048M
  Cache          220M (11)
   size classes  2M (2), 4M (2), 8M (3), 16M (2), 32M (1), 64M (1)
}
Event: 17.873 {heap Before GC invocations=6 (full 6):
 ZHeap           used 592M, capacity 592M, max capacity 2048M
  Cache          0M (0)
}

