# JRE version: OpenJDK Runtime Environment (25.0.1+8) (build 25.0.1+8-27)
# Java VM: OpenJDK 64-Bit Server VM (25.0.1+8-27, mixed mode, sharing, tiered, compressed class ptrs, z gc, windows-amd64)
GC Precious Log:
 NUMA Support: Disabled
 CPUs: 16 total, 16 available
 Memory: 15773M
 Large Page Support: Disabled
 Address Space Size: limited (137434243344K)
 Reserved Space: limit 4096G, desired 32G, requested 32G
 Reserved Space Type: Contiguous/Unrestricted/Complete
 Reserved Space Size: 32G
 Min Capacity: 100M
 Initial Capacity: 100M
 Max Capacity: 2048M
 Soft Max Capacity: 2048M
 Page Size Medium: Range [4M, 32M]
 Pre-touch: Disabled
 Uncommit: Enabled
 Uncommit Delay: 30s
 GC Workers for Old Generation: 4 (dynamic)
 GC Workers for Young Generation: 4 (dynamic)
 GC Workers Max: 4 (dynamic)
 Runtime Workers: 10
 Forced to lower max partition (0) capacity from 2048M(100%) to 562M(27%)
 Forced to lower max Java heap size from 2048M(100%) to 562M(27%)
Heap:
 ZHeap           used 324M, capacity 562M, max capacity 2048M
  Cache          238M (16)
   size classes  2M (4), 4M (3), 8M (6), 16M (1), 32M (1), 64M (1)
GC Heap Usage History (17 events):
Event: 1.442 {heap Before GC invocations=0 (full 0):
 ZHeap           used 120M, capacity 120M, max capacity 2048M
  Cache          0M (0)
}
Event: 1.483 {heap After GC invocations=1 (full 1):
 ZHeap           used 56M, capacity 126M, max capacity 2048M
  Cache          70M (1)
   size classes  64M (1)
}
Event: 1.483 {heap Before GC invocations=1 (full 1):
 ZHeap           used 56M, capacity 126M, max capacity 2048M
  Cache          70M (1)
   size classes  64M (1)
}
Event: 1.494 {heap After GC invocations=1 (full 1):
 ZHeap           used 58M, capacity 126M, max capacity 2048M
  Cache          68M (1)
   size classes  64M (1)
}
Event: 5.861 {heap Before GC invocations=1 (full 1):
 ZHeap           used 162M, capacity 162M, max capacity 2048M
  Cache          0M (0)
}
Event: 5.955 {heap After GC invocations=2 (full 2):
 ZHeap           used 94M, capacity 200M, max capacity 2048M
  Cache          106M (4)
   size classes  2M (1), 4M (1), 16M (1), 64M (1)
}
Event: 5.955 {heap Before GC invocations=2 (full 2):
 ZHeap           used 94M, capacity 200M, max capacity 2048M
  Cache          106M (4)
   size classes  2M (1), 4M (1), 16M (1), 64M (1)
}
Event: 5.971 {heap After GC invocations=2 (full 2):
 ZHeap           used 96M, capacity 200M, max capacity 2048M
  Cache          104M (4)
   size classes  2M (1), 4M (1), 16M (1), 64M (1)
}
Event: 7.234 {heap Before GC invocations=2 (full 2):
 ZHeap           used 206M, capacity 206M, max capacity 2048M
  Cache          0M (0)
}
Event: 7.277 {heap After GC invocations=3 (full 3):
 ZHeap           used 154M, capacity 318M, max capacity 2048M
  Cache          164M (4)
   size classes  2M (1), 8M (1), 64M (2)
}
Event: 7.277 {heap Before GC invocations=3 (full 3):
 ZHeap           used 154M, capacity 318M, max capacity 2048M
  Cache          164M (4)
   size classes  2M (1), 8M (1), 64M (2)
}
Event: 7.298 {heap After GC invocations=3 (full 3):
 ZHeap           used 156M, capacity 318M, max capacity 2048M
  Cache          162M (4)
   size classes  2M (1), 4M (1), 64M (2)
}
Event: 8.106 {heap Before GC invocations=3 (full 3):
 ZHeap           used 412M, capacity 412M, max capacity 2048M
  Cache          0M (0)
}
Event: 8.156 {heap After GC invocations=4 (full 4):
 ZHeap           used 218M, capacity 524M, max capacity 2048M
  Cache          306M (12)
   size classes  2M (6), 4M (1), 8M (2), 32M (1), 64M (1), 128M (1)
}
Event: 8.156 {heap Before GC invocations=4 (full 4):
 ZHeap           used 218M, capacity 524M, max capacity 2048M
  Cache          306M (12)
   size classes  2M (6), 4M (1), 8M (2), 32M (1), 64M (1), 128M (1)
}
Event: 8.179 {heap After GC invocations=4 (full 4):
 ZHeap           used 230M, capacity 524M, max capacity 2048M
  Cache          294M (8)
   size classes  2M (3), 8M (2), 32M (1), 64M (1), 128M (1)
}
Event: 8.875 {heap Before GC invocations=4 (full 4):
 ZHeap           used 562M, capacity 562M, max capacity 2048M
  Cache          0M (0)
}

