# JRE version: OpenJDK Runtime Environment (25.0.1+8) (build 25.0.1+8-27)
# Java VM: OpenJDK 64-Bit Server VM (25.0.1+8-27, mixed mode, sharing, tiered, compressed class ptrs, z gc, windows-amd64)
GC Precious Log:
 NUMA Support: Disabled
 CPUs: 16 total, 16 available
 Memory: 15773M
 Large Page Support: Disabled
 Address Space Size: limited (137434243344K)
 Reserved Space: limit 4096G, desired 32G, requested 32G
 Reserved Space Type: Contiguous/Unrestricted/Complete
 Reserved Space Size: 32G
 Min Capacity: 100M
 Initial Capacity: 100M
 Max Capacity: 2048M
 Soft Max Capacity: 2048M
 Page Size Medium: Range [4M, 32M]
 Pre-touch: Disabled
 Uncommit: Enabled
 Uncommit Delay: 30s
 GC Workers for Old Generation: 4 (dynamic)
 GC Workers for Young Generation: 4 (dynamic)
 GC Workers Max: 4 (dynamic)
 Runtime Workers: 10
 Forced to lower max partition (0) capacity from 2048M(100%) to 568M(28%)
 Forced to lower max Java heap size from 2048M(100%) to 568M(28%)
Heap:
 ZHeap           used 272M, capacity 568M, max capacity 2048M
  Cache          296M (8)
   size classes  2M (2), 4M (1), 8M (3), 32M (1), 128M (1)
GC Heap Usage History (17 events):
Event: 1.881 {heap Before GC invocations=0 (full 0):
 ZHeap           used 120M, capacity 120M, max capacity 2048M
  Cache          0M (0)
}
Event: 1.934 {heap After GC invocations=1 (full 1):
 ZHeap           used 58M, capacity 134M, max capacity 2048M
  Cache          76M (2)
   size classes  2M (1), 64M (1)
}
Event: 1.934 {heap Before GC invocations=1 (full 1):
 ZHeap           used 58M, capacity 134M, max capacity 2048M
  Cache          76M (2)
   size classes  2M (1), 64M (1)
}
Event: 1.946 {heap After GC invocations=1 (full 1):
 ZHeap           used 60M, capacity 134M, max capacity 2048M
  Cache          74M (1)
   size classes  64M (1)
}
Event: 6.607 {heap Before GC invocations=1 (full 1):
 ZHeap           used 170M, capacity 170M, max capacity 2048M
  Cache          0M (0)
}
Event: 6.677 {heap After GC invocations=2 (full 2):
 ZHeap           used 96M, capacity 208M, max capacity 2048M
  Cache          112M (4)
   size classes  2M (1), 4M (1), 16M (1), 64M (1)
}
Event: 6.677 {heap Before GC invocations=2 (full 2):
 ZHeap           used 96M, capacity 208M, max capacity 2048M
  Cache          112M (4)
   size classes  2M (1), 4M (1), 16M (1), 64M (1)
}
Event: 6.687 {heap After GC invocations=2 (full 2):
 ZHeap           used 96M, capacity 208M, max capacity 2048M
  Cache          112M (4)
   size classes  2M (1), 4M (1), 16M (1), 64M (1)
}
Event: 8.063 {heap Before GC invocations=2 (full 2):
 ZHeap           used 210M, capacity 210M, max capacity 2048M
  Cache          0M (0)
}
Event: 8.105 {heap After GC invocations=3 (full 3):
 ZHeap           used 152M, capacity 292M, max capacity 2048M
  Cache          140M (7)
   size classes  4M (2), 8M (2), 16M (1), 32M (2)
}
Event: 8.105 {heap Before GC invocations=3 (full 3):
 ZHeap           used 152M, capacity 292M, max capacity 2048M
  Cache          140M (7)
   size classes  4M (2), 8M (2), 16M (1), 32M (2)
}
Event: 8.129 {heap After GC invocations=3 (full 3):
 ZHeap           used 160M, capacity 292M, max capacity 2048M
  Cache          132M (6)
   size classes  4M (2), 8M (1), 16M (1), 32M (2)
}
Event: 8.933 {heap Before GC invocations=3 (full 3):
 ZHeap           used 412M, capacity 412M, max capacity 2048M
  Cache          0M (0)
}
Event: 8.985 {heap After GC invocations=4 (full 4):
 ZHeap           used 216M, capacity 520M, max capacity 2048M
  Cache          304M (11)
   size classes  2M (5), 4M (1), 8M (2), 16M (1), 64M (1), 128M (1)
}
Event: 8.985 {heap Before GC invocations=4 (full 4):
 ZHeap           used 216M, capacity 520M, max capacity 2048M
  Cache          304M (11)
   size classes  2M (5), 4M (1), 8M (2), 16M (1), 64M (1), 128M (1)
}
Event: 9.006 {heap After GC invocations=4 (full 4):
 ZHeap           used 228M, capacity 520M, max capacity 2048M
  Cache          292M (10)
   size classes  2M (5), 4M (1), 8M (1), 16M (1), 64M (1), 128M (1)
}
Event: 9.664 {heap Before GC invocations=4 (full 4):
 ZHeap           used 568M, capacity 568M, max capacity 2048M
  Cache          0M (0)
}

