# JRE version: OpenJDK Runtime Environment (25.0.1+8) (build 25.0.1+8-27)
# Java VM: OpenJDK 64-Bit Server VM (25.0.1+8-27, mixed mode, sharing, tiered, compressed class ptrs, z gc, windows-amd64)
GC Precious Log:
 NUMA Support: Disabled
 CPUs: 16 total, 16 available
 Memory: 15773M
 Large Page Support: Disabled
 Address Space Size: limited (137434243344K)
 Reserved Space: limit 4096G, desired 32G, requested 32G
 Reserved Space Type: Contiguous/Unrestricted/Complete
 Reserved Space Size: 32G
 Min Capacity: 100M
 Initial Capacity: 100M
 Max Capacity: 2048M
 Soft Max Capacity: 2048M
 Page Size Medium: Range [4M, 32M]
 Pre-touch: Disabled
 Uncommit: Enabled
 Uncommit Delay: 30s
 GC Workers for Old Generation: 4 (dynamic)
 GC Workers for Young Generation: 4 (dynamic)
 GC Workers Max: 4 (dynamic)
 Runtime Workers: 10
 Forced to lower max partition (0) capacity from 2048M(100%) to 542M(26%)
 Forced to lower max Java heap size from 2048M(100%) to 542M(26%)
Heap:
 ZHeap           used 200M, capacity 542M, max capacity 2048M
  Cache          342M (9)
   size classes  2M (2), 4M (2), 8M (1), 16M (1), 32M (2), 128M (1)
GC Heap Usage History (17 events):
Event: 1.573 {heap Before GC invocations=0 (full 0):
 ZHeap           used 118M, capacity 118M, max capacity 2048M
  Cache          0M (0)
}
Event: 1.616 {heap After GC invocations=1 (full 1):
 ZHeap           used 58M, capacity 126M, max capacity 2048M
  Cache          68M (3)
   size classes  2M (2), 64M (1)
}
Event: 1.616 {heap Before GC invocations=1 (full 1):
 ZHeap           used 58M, capacity 126M, max capacity 2048M
  Cache          68M (3)
   size classes  2M (2), 64M (1)
}
Event: 1.626 {heap After GC invocations=1 (full 1):
 ZHeap           used 58M, capacity 126M, max capacity 2048M
  Cache          68M (3)
   size classes  2M (2), 64M (1)
}
Event: 6.064 {heap Before GC invocations=1 (full 1):
 ZHeap           used 168M, capacity 168M, max capacity 2048M
  Cache          0M (0)
}
Event: 6.151 {heap After GC invocations=2 (full 2):
 ZHeap           used 96M, capacity 208M, max capacity 2048M
  Cache          112M (5)
   size classes  2M (1), 4M (2), 16M (1), 64M (1)
}
Event: 6.151 {heap Before GC invocations=2 (full 2):
 ZHeap           used 96M, capacity 208M, max capacity 2048M
  Cache          112M (5)
   size classes  2M (1), 4M (2), 16M (1), 64M (1)
}
Event: 6.162 {heap After GC invocations=2 (full 2):
 ZHeap           used 96M, capacity 208M, max capacity 2048M
  Cache          112M (5)
   size classes  2M (1), 4M (2), 16M (1), 64M (1)
}
Event: 7.503 {heap Before GC invocations=2 (full 2):
 ZHeap           used 206M, capacity 208M, max capacity 2048M
  Cache          2M (1)
   size classes  2M (1)
}
Event: 7.544 {heap After GC invocations=3 (full 3):
 ZHeap           used 152M, capacity 290M, max capacity 2048M
  Cache          138M (6)
   size classes  2M (2), 4M (1), 16M (1), 32M (1), 64M (1)
}
Event: 7.544 {heap Before GC invocations=3 (full 3):
 ZHeap           used 152M, capacity 290M, max capacity 2048M
  Cache          138M (6)
   size classes  2M (2), 4M (1), 16M (1), 32M (1), 64M (1)
}
Event: 7.556 {heap After GC invocations=3 (full 3):
 ZHeap           used 156M, capacity 290M, max capacity 2048M
  Cache          134M (6)
   size classes  2M (2), 4M (1), 8M (1), 32M (1), 64M (1)
}
Event: 8.373 {heap Before GC invocations=3 (full 3):
 ZHeap           used 414M, capacity 414M, max capacity 2048M
  Cache          0M (0)
}
Event: 8.432 {heap After GC invocations=4 (full 4):
 ZHeap           used 218M, capacity 524M, max capacity 2048M
  Cache          306M (12)
   size classes  2M (4), 4M (5), 16M (1), 64M (1), 128M (1)
}
Event: 8.432 {heap Before GC invocations=4 (full 4):
 ZHeap           used 218M, capacity 524M, max capacity 2048M
  Cache          306M (12)
   size classes  2M (4), 4M (5), 16M (1), 64M (1), 128M (1)
}
Event: 8.457 {heap After GC invocations=4 (full 4):
 ZHeap           used 228M, capacity 524M, max capacity 2048M
  Cache          296M (10)
   size classes  2M (4), 4M (3), 16M (1), 64M (1), 128M (1)
}
Event: 9.047 {heap Before GC invocations=4 (full 4):
 ZHeap           used 542M, capacity 542M, max capacity 2048M
  Cache          0M (0)
}

